UPDATE iceberg_v2_no_deletes set s = concat(s,s) where i = 3
---- PLAN
MULTI DATA SINK
|->WRITE TO HDFS [functional_parquet.iceberg_v2_no_deletes, OVERWRITE=false]
|->BUFFERED DELETE FROM ICEBERG [functional_parquet.iceberg_v2_no_deletes-POSITION-DELETE]
|
00:SCAN HDFS [functional_parquet.iceberg_v2_no_deletes]
   HDFS partitions=1/1 files=1 size=625B
   predicates: i = 3
   Iceberg snapshot id: 728158873687794725
   row-size=36B cardinality=1
---- DISTRIBUTEDPLAN
MULTI DATA SINK
|->WRITE TO HDFS [functional_parquet.iceberg_v2_no_deletes, OVERWRITE=false]
|->BUFFERED DELETE FROM ICEBERG [functional_parquet.iceberg_v2_no_deletes-POSITION-DELETE]
|
00:SCAN HDFS [functional_parquet.iceberg_v2_no_deletes]
   HDFS partitions=1/1 files=1 size=625B
   predicates: i = 3
   Iceberg snapshot id: 728158873687794725
   row-size=36B cardinality=1
====
UPDATE iceberg_v2_delete_positional SET `data` = concat(`data`,'a') where id = 15
---- PLAN
MULTI DATA SINK
|->WRITE TO HDFS [functional_parquet.iceberg_v2_delete_positional, OVERWRITE=false]
|->BUFFERED DELETE FROM ICEBERG [functional_parquet.iceberg_v2_delete_positional-POSITION-DELETE]
|
02:DELETE EVENTS ICEBERG DELETE [ICEBERG DELETE JOIN]
|  row-size=40B cardinality=1
|
|--01:SCAN HDFS [functional_parquet.iceberg_v2_delete_positional-POSITION-DELETE-01 functional_parquet.iceberg_v2_delete_positional-position-delete]
|     HDFS partitions=1/1 files=1 size=1.54KB
|     Iceberg snapshot id: 5725822353600261755
|     row-size=182B cardinality=1
|
00:SCAN HDFS [functional_parquet.iceberg_v2_delete_positional]
   HDFS partitions=1/1 files=1 size=662B
   predicates: id = 15
   Iceberg snapshot id: 5725822353600261755
   row-size=40B cardinality=1
---- DISTRIBUTEDPLAN
MULTI DATA SINK
|->WRITE TO HDFS [functional_parquet.iceberg_v2_delete_positional, OVERWRITE=false]
|->BUFFERED DELETE FROM ICEBERG [functional_parquet.iceberg_v2_delete_positional-POSITION-DELETE]
|
02:DELETE EVENTS ICEBERG DELETE [ICEBERG DELETE JOIN, DIRECTED]
|  row-size=40B cardinality=1
|
|--03:EXCHANGE [DIRECTED]
|  |
|  01:SCAN HDFS [functional_parquet.iceberg_v2_delete_positional-POSITION-DELETE-01 functional_parquet.iceberg_v2_delete_positional-position-delete]
|     HDFS partitions=1/1 files=1 size=1.54KB
|     Iceberg snapshot id: 5725822353600261755
|     row-size=182B cardinality=1
|
00:SCAN HDFS [functional_parquet.iceberg_v2_delete_positional]
   HDFS partitions=1/1 files=1 size=662B
   predicates: id = 15
   Iceberg snapshot id: 5725822353600261755
   row-size=40B cardinality=1
====
UPDATE iceberg_v2_delete_positional SET id = cast(id+1 as int)
---- PLAN
MULTI DATA SINK
|->WRITE TO HDFS [functional_parquet.iceberg_v2_delete_positional, OVERWRITE=false]
|->BUFFERED DELETE FROM ICEBERG [functional_parquet.iceberg_v2_delete_positional-POSITION-DELETE]
|
02:DELETE EVENTS ICEBERG DELETE [ICEBERG DELETE JOIN]
|  row-size=40B cardinality=2
|
|--01:SCAN HDFS [functional_parquet.iceberg_v2_delete_positional-POSITION-DELETE-01 functional_parquet.iceberg_v2_delete_positional-position-delete]
|     HDFS partitions=1/1 files=1 size=1.54KB
|     Iceberg snapshot id: 5725822353600261755
|     row-size=182B cardinality=1
|
00:SCAN HDFS [functional_parquet.iceberg_v2_delete_positional]
   HDFS partitions=1/1 files=1 size=662B
   Iceberg snapshot id: 5725822353600261755
   row-size=40B cardinality=3
---- DISTRIBUTEDPLAN
MULTI DATA SINK
|->WRITE TO HDFS [functional_parquet.iceberg_v2_delete_positional, OVERWRITE=false]
|->BUFFERED DELETE FROM ICEBERG [functional_parquet.iceberg_v2_delete_positional-POSITION-DELETE]
|
02:DELETE EVENTS ICEBERG DELETE [ICEBERG DELETE JOIN, DIRECTED]
|  row-size=40B cardinality=2
|
|--03:EXCHANGE [DIRECTED]
|  |
|  01:SCAN HDFS [functional_parquet.iceberg_v2_delete_positional-POSITION-DELETE-01 functional_parquet.iceberg_v2_delete_positional-position-delete]
|     HDFS partitions=1/1 files=1 size=1.54KB
|     Iceberg snapshot id: 5725822353600261755
|     row-size=182B cardinality=1
|
00:SCAN HDFS [functional_parquet.iceberg_v2_delete_positional]
   HDFS partitions=1/1 files=1 size=662B
   Iceberg snapshot id: 5725822353600261755
   row-size=40B cardinality=3
====
UPDATE iceberg_v2_delete_positional SET id = 42 WHERE FILE__POSITION = id
---- PLAN
MULTI DATA SINK
|->WRITE TO HDFS [functional_parquet.iceberg_v2_delete_positional, OVERWRITE=false]
|->BUFFERED DELETE FROM ICEBERG [functional_parquet.iceberg_v2_delete_positional-POSITION-DELETE]
|
02:DELETE EVENTS ICEBERG DELETE [ICEBERG DELETE JOIN]
|  row-size=40B cardinality=1
|
|--01:SCAN HDFS [functional_parquet.iceberg_v2_delete_positional-POSITION-DELETE-01 functional_parquet.iceberg_v2_delete_positional-position-delete]
|     HDFS partitions=1/1 files=1 size=1.54KB
|     Iceberg snapshot id: 5725822353600261755
|     row-size=182B cardinality=1
|
00:SCAN HDFS [functional_parquet.iceberg_v2_delete_positional]
   HDFS partitions=1/1 files=1 size=662B
   predicates: FILE__POSITION = id
   Iceberg snapshot id: 5725822353600261755
   row-size=40B cardinality=1
---- DISTRIBUTEDPLAN
MULTI DATA SINK
|->WRITE TO HDFS [functional_parquet.iceberg_v2_delete_positional, OVERWRITE=false]
|->BUFFERED DELETE FROM ICEBERG [functional_parquet.iceberg_v2_delete_positional-POSITION-DELETE]
|
02:DELETE EVENTS ICEBERG DELETE [ICEBERG DELETE JOIN, DIRECTED]
|  row-size=40B cardinality=1
|
|--03:EXCHANGE [DIRECTED]
|  |
|  01:SCAN HDFS [functional_parquet.iceberg_v2_delete_positional-POSITION-DELETE-01 functional_parquet.iceberg_v2_delete_positional-position-delete]
|     HDFS partitions=1/1 files=1 size=1.54KB
|     Iceberg snapshot id: 5725822353600261755
|     row-size=182B cardinality=1
|
00:SCAN HDFS [functional_parquet.iceberg_v2_delete_positional]
   HDFS partitions=1/1 files=1 size=662B
   predicates: FILE__POSITION = id
   Iceberg snapshot id: 5725822353600261755
   row-size=40B cardinality=1
====
UPDATE iceberg_v2_partitioned_position_deletes set id = length(action)
---- PLAN
MULTI DATA SINK
|->WRITE TO HDFS [functional_parquet.iceberg_v2_partitioned_position_deletes, OVERWRITE=false, PARTITION-KEYS=(action)]
|->BUFFERED DELETE FROM ICEBERG [functional_parquet.iceberg_v2_partitioned_position_deletes-POSITION-DELETE]
|
03:SORT
|  order by: action ASC NULLS LAST
|  row-size=76B cardinality=10
|
02:DELETE EVENTS ICEBERG DELETE [ICEBERG DELETE JOIN]
|  row-size=76B cardinality=10
|
|--01:SCAN HDFS [functional_parquet.iceberg_v2_partitioned_position_deletes-POSITION-DELETE-01 functional_parquet.iceberg_v2_partitioned_position_deletes-position-delete]
|     HDFS partitions=1/1 files=3 size=9.47KB
|     Iceberg snapshot id: 8885697082976537578
|     row-size=204B cardinality=10
|
00:SCAN HDFS [functional_parquet.iceberg_v2_partitioned_position_deletes]
   HDFS partitions=1/1 files=3 size=3.48KB
   Iceberg snapshot id: 8885697082976537578
   row-size=76B cardinality=20
---- DISTRIBUTEDPLAN
MULTI DATA SINK
|->WRITE TO HDFS [functional_parquet.iceberg_v2_partitioned_position_deletes, OVERWRITE=false, PARTITION-KEYS=(action)]
|->BUFFERED DELETE FROM ICEBERG [functional_parquet.iceberg_v2_partitioned_position_deletes-POSITION-DELETE]
|
05:SORT
|  order by: action ASC NULLS LAST
|  row-size=76B cardinality=10
|
04:EXCHANGE [HASH(functional_parquet.iceberg_v2_partitioned_position_deletes.action)]
|
02:DELETE EVENTS ICEBERG DELETE [ICEBERG DELETE JOIN, DIRECTED]
|  row-size=76B cardinality=10
|
|--03:EXCHANGE [DIRECTED]
|  |
|  01:SCAN HDFS [functional_parquet.iceberg_v2_partitioned_position_deletes-POSITION-DELETE-01 functional_parquet.iceberg_v2_partitioned_position_deletes-position-delete]
|     HDFS partitions=1/1 files=3 size=9.47KB
|     Iceberg snapshot id: 8885697082976537578
|     row-size=204B cardinality=10
|
00:SCAN HDFS [functional_parquet.iceberg_v2_partitioned_position_deletes]
   HDFS partitions=1/1 files=3 size=3.48KB
   Iceberg snapshot id: 8885697082976537578
   row-size=76B cardinality=20
====
UPDATE iceberg_v2_partitioned_position_deletes set id = length(action) where action = 'click'
---- PLAN
MULTI DATA SINK
|->WRITE TO HDFS [functional_parquet.iceberg_v2_partitioned_position_deletes, OVERWRITE=false, PARTITION-KEYS=(action)]
|->BUFFERED DELETE FROM ICEBERG [functional_parquet.iceberg_v2_partitioned_position_deletes-POSITION-DELETE]
|
03:SORT
|  order by: action ASC NULLS LAST
|  row-size=76B cardinality=3
|
02:DELETE EVENTS ICEBERG DELETE [ICEBERG DELETE JOIN]
|  row-size=76B cardinality=3
|
|--01:SCAN HDFS [functional_parquet.iceberg_v2_partitioned_position_deletes-POSITION-DELETE-01 functional_parquet.iceberg_v2_partitioned_position_deletes-position-delete]
|     HDFS partitions=1/1 files=1 size=3.15KB
|     Iceberg snapshot id: 8885697082976537578
|     row-size=204B cardinality=3
|
00:SCAN HDFS [functional_parquet.iceberg_v2_partitioned_position_deletes]
   HDFS partitions=1/1 files=1 size=1.15KB
   Iceberg snapshot id: 8885697082976537578
   skipped Iceberg predicates: action = 'click'
   row-size=76B cardinality=6
---- DISTRIBUTEDPLAN
MULTI DATA SINK
|->WRITE TO HDFS [functional_parquet.iceberg_v2_partitioned_position_deletes, OVERWRITE=false, PARTITION-KEYS=(action)]
|->BUFFERED DELETE FROM ICEBERG [functional_parquet.iceberg_v2_partitioned_position_deletes-POSITION-DELETE]
|
04:SORT
|  order by: action ASC NULLS LAST
|  row-size=76B cardinality=3
|
02:DELETE EVENTS ICEBERG DELETE [ICEBERG DELETE JOIN, DIRECTED]
|  row-size=76B cardinality=3
|
|--03:EXCHANGE [DIRECTED]
|  |
|  01:SCAN HDFS [functional_parquet.iceberg_v2_partitioned_position_deletes-POSITION-DELETE-01 functional_parquet.iceberg_v2_partitioned_position_deletes-position-delete]
|     HDFS partitions=1/1 files=1 size=3.15KB
|     Iceberg snapshot id: 8885697082976537578
|     row-size=204B cardinality=3
|
00:SCAN HDFS [functional_parquet.iceberg_v2_partitioned_position_deletes]
   HDFS partitions=1/1 files=1 size=1.15KB
   Iceberg snapshot id: 8885697082976537578
   skipped Iceberg predicates: action = 'click'
   row-size=76B cardinality=6
====
UPDATE target set user = s from iceberg_v2_partitioned_position_deletes target, iceberg_v2_positional_update_all_rows source where target.id = source.i
---- PLAN
MULTI DATA SINK
|->WRITE TO HDFS [functional_parquet.iceberg_v2_partitioned_position_deletes, OVERWRITE=false, PARTITION-KEYS=(action)]
|->BUFFERED DELETE FROM ICEBERG [functional_parquet.iceberg_v2_partitioned_position_deletes-POSITION-DELETE]
|
09:SORT
|  order by: action ASC NULLS LAST
|  row-size=80B cardinality=10
|
08:HASH JOIN [INNER JOIN]
|  hash predicates: target.id = source.i
|  runtime filters: RF000 <- source.i
|  row-size=104B cardinality=10
|
|--07:UNION
|  |  pass-through-operands: all
|  |  row-size=36B cardinality=4
|  |
|  |--05:DELETE EVENTS ICEBERG DELETE [ICEBERG DELETE JOIN]
|  |  |  row-size=36B cardinality=1
|  |  |
|  |  |--04:SCAN HDFS [functional_parquet.iceberg_v2_positional_update_all_rows-POSITION-DELETE-04 source-position-delete]
|  |  |     HDFS partitions=1/1 files=1 size=2.60KB
|  |  |     Iceberg snapshot id: 3877007445826010687
|  |  |     row-size=246B cardinality=3
|  |  |
|  |  03:SCAN HDFS [functional_parquet.iceberg_v2_positional_update_all_rows source]
|  |     HDFS partitions=1/1 files=1 size=625B
|  |     Iceberg snapshot id: 3877007445826010687
|  |     row-size=36B cardinality=3
|  |
|  06:SCAN HDFS [functional_parquet.iceberg_v2_positional_update_all_rows source]
|     HDFS partitions=1/1 files=1 size=625B
|     Iceberg snapshot id: 3877007445826010687
|     row-size=36B cardinality=3
|
02:DELETE EVENTS ICEBERG DELETE [ICEBERG DELETE JOIN]
|  row-size=68B cardinality=10
|
|--01:SCAN HDFS [functional_parquet.iceberg_v2_partitioned_position_deletes-POSITION-DELETE-01 target-position-delete]
|     HDFS partitions=1/1 files=3 size=9.47KB
|     Iceberg snapshot id: 8885697082976537578
|     row-size=204B cardinality=10
|
00:SCAN HDFS [functional_parquet.iceberg_v2_partitioned_position_deletes target]
   HDFS partitions=1/1 files=3 size=3.48KB
   runtime filters: RF000 -> target.id
   Iceberg snapshot id: 8885697082976537578
   row-size=68B cardinality=20
---- DISTRIBUTEDPLAN
MULTI DATA SINK
|->WRITE TO HDFS [functional_parquet.iceberg_v2_partitioned_position_deletes, OVERWRITE=false, PARTITION-KEYS=(action)]
|->BUFFERED DELETE FROM ICEBERG [functional_parquet.iceberg_v2_partitioned_position_deletes-POSITION-DELETE]
|
13:SORT
|  order by: action ASC NULLS LAST
|  row-size=80B cardinality=10
|
12:EXCHANGE [HASH(target.action)]
|
08:HASH JOIN [INNER JOIN, BROADCAST]
|  hash predicates: target.id = source.i
|  runtime filters: RF000 <- source.i
|  row-size=104B cardinality=10
|
|--11:EXCHANGE [BROADCAST]
|  |
|  07:UNION
|  |  pass-through-operands: all
|  |  row-size=36B cardinality=4
|  |
|  |--05:DELETE EVENTS ICEBERG DELETE [ICEBERG DELETE JOIN, DIRECTED]
|  |  |  row-size=36B cardinality=1
|  |  |
|  |  |--10:EXCHANGE [DIRECTED]
|  |  |  |
|  |  |  04:SCAN HDFS [functional_parquet.iceberg_v2_positional_update_all_rows-POSITION-DELETE-04 source-position-delete]
|  |  |     HDFS partitions=1/1 files=1 size=2.60KB
|  |  |     Iceberg snapshot id: 3877007445826010687
|  |  |     row-size=246B cardinality=3
|  |  |
|  |  03:SCAN HDFS [functional_parquet.iceberg_v2_positional_update_all_rows source]
|  |     HDFS partitions=1/1 files=1 size=625B
|  |     Iceberg snapshot id: 3877007445826010687
|  |     row-size=36B cardinality=3
|  |
|  06:SCAN HDFS [functional_parquet.iceberg_v2_positional_update_all_rows source]
|     HDFS partitions=1/1 files=1 size=625B
|     Iceberg snapshot id: 3877007445826010687
|     row-size=36B cardinality=3
|
02:DELETE EVENTS ICEBERG DELETE [ICEBERG DELETE JOIN, DIRECTED]
|  row-size=68B cardinality=10
|
|--09:EXCHANGE [DIRECTED]
|  |
|  01:SCAN HDFS [functional_parquet.iceberg_v2_partitioned_position_deletes-POSITION-DELETE-01 target-position-delete]
|     HDFS partitions=1/1 files=3 size=9.47KB
|     Iceberg snapshot id: 8885697082976537578
|     row-size=204B cardinality=10
|
00:SCAN HDFS [functional_parquet.iceberg_v2_partitioned_position_deletes target]
   HDFS partitions=1/1 files=3 size=3.48KB
   runtime filters: RF000 -> target.id
   Iceberg snapshot id: 8885697082976537578
   row-size=68B cardinality=20
====
update iceberg_partition_transforms_zorder set ts = days_add(ts, 10), i = cast(i + 1000 as int)
---- PLAN
MULTI DATA SINK
|->WRITE TO HDFS [functional_parquet.iceberg_partition_transforms_zorder, OVERWRITE=false, PARTITION-KEYS=(year(days_add(ts, 10)),iceberg_bucket_transform(functional_parquet.iceberg_partition_transforms_zorder.s, 5))]
|->BUFFERED DELETE FROM ICEBERG [functional_parquet.iceberg_partition_transforms_zorder-POSITION-DELETE]
|
01:SORT
|  order by: LEXICAL: year(days_add(ts, 10)) ASC NULLS LAST, iceberg_bucket_transform(functional_parquet.iceberg_partition_transforms_zorder.s, 5) ASC NULLS LAST, ZORDER: CAST(i + 1000 AS INT), j
|  row-size=80B cardinality=1
|
00:SCAN HDFS [functional_parquet.iceberg_partition_transforms_zorder]
   HDFS partitions=1/1 files=1 size=1.08KB
   Iceberg snapshot id: 7350750578864730166
   row-size=72B cardinality=1
---- DISTRIBUTEDPLAN
MULTI DATA SINK
|->WRITE TO HDFS [functional_parquet.iceberg_partition_transforms_zorder, OVERWRITE=false, PARTITION-KEYS=(year(days_add(ts, 10)),iceberg_bucket_transform(functional_parquet.iceberg_partition_transforms_zorder.s, 5))]
|->BUFFERED DELETE FROM ICEBERG [functional_parquet.iceberg_partition_transforms_zorder-POSITION-DELETE]
|
01:SORT
|  order by: LEXICAL: year(days_add(ts, 10)) ASC NULLS LAST, iceberg_bucket_transform(functional_parquet.iceberg_partition_transforms_zorder.s, 5) ASC NULLS LAST, ZORDER: CAST(i + 1000 AS INT), j
|  row-size=80B cardinality=1
|
00:SCAN HDFS [functional_parquet.iceberg_partition_transforms_zorder]
   HDFS partitions=1/1 files=1 size=1.08KB
   Iceberg snapshot id: 7350750578864730166
   row-size=72B cardinality=1
====
update ice_zorder set j = length(action)
from iceberg_partition_transforms_zorder ice_zorder, iceberg_partitioned source
where source.id = ice_zorder.i
---- PLAN
MULTI DATA SINK
|->WRITE TO HDFS [functional_parquet.iceberg_partition_transforms_zorder, OVERWRITE=false, PARTITION-KEYS=(year(ice_zorder.ts),iceberg_bucket_transform(ice_zorder.s, 5))]
|->BUFFERED DELETE FROM ICEBERG [functional_parquet.iceberg_partition_transforms_zorder-POSITION-DELETE]
|
03:SORT
|  order by: LEXICAL: year(ice_zorder.ts) ASC NULLS LAST, iceberg_bucket_transform(ice_zorder.s, 5) ASC NULLS LAST, ZORDER: i, length(action)
|  row-size=80B cardinality=20
|
02:HASH JOIN [INNER JOIN]
|  hash predicates: source.id = ice_zorder.i
|  runtime filters: RF000 <- ice_zorder.i
|  row-size=84B cardinality=20
|
|--00:SCAN HDFS [functional_parquet.iceberg_partition_transforms_zorder ice_zorder]
|     HDFS partitions=1/1 files=1 size=1.08KB
|     Iceberg snapshot id: 7350750578864730166
|     row-size=68B cardinality=1
|
01:SCAN HDFS [functional_parquet.iceberg_partitioned source]
   HDFS partitions=1/1 files=20 size=22.90KB
   runtime filters: RF000 -> source.id
   Iceberg snapshot id: 8270633197658268308
   row-size=16B cardinality=20
---- DISTRIBUTEDPLAN
MULTI DATA SINK
|->WRITE TO HDFS [functional_parquet.iceberg_partition_transforms_zorder, OVERWRITE=false, PARTITION-KEYS=(year(ice_zorder.ts),iceberg_bucket_transform(ice_zorder.s, 5))]
|->BUFFERED DELETE FROM ICEBERG [functional_parquet.iceberg_partition_transforms_zorder-POSITION-DELETE]
|
05:SORT
|  order by: LEXICAL: year(ice_zorder.ts) ASC NULLS LAST, iceberg_bucket_transform(ice_zorder.s, 5) ASC NULLS LAST, ZORDER: i, length(action)
|  row-size=80B cardinality=20
|
04:EXCHANGE [HASH(year(ice_zorder.ts),iceberg_bucket_transform(ice_zorder.s, 5))]
|
02:HASH JOIN [INNER JOIN, BROADCAST]
|  hash predicates: source.id = ice_zorder.i
|  runtime filters: RF000 <- ice_zorder.i
|  row-size=84B cardinality=20
|
|--03:EXCHANGE [BROADCAST]
|  |
|  00:SCAN HDFS [functional_parquet.iceberg_partition_transforms_zorder ice_zorder]
|     HDFS partitions=1/1 files=1 size=1.08KB
|     Iceberg snapshot id: 7350750578864730166
|     row-size=68B cardinality=1
|
01:SCAN HDFS [functional_parquet.iceberg_partitioned source]
   HDFS partitions=1/1 files=20 size=22.90KB
   runtime filters: RF000 -> source.id
   Iceberg snapshot id: 8270633197658268308
   row-size=16B cardinality=20
====
update ice_zorder set j = length(action)
from iceberg_partition_transforms_zorder ice_zorder inner join iceberg_partitioned source
on source.id = ice_zorder.i
---- PLAN
MULTI DATA SINK
|->WRITE TO HDFS [functional_parquet.iceberg_partition_transforms_zorder, OVERWRITE=false, PARTITION-KEYS=(year(ice_zorder.ts),iceberg_bucket_transform(ice_zorder.s, 5))]
|->BUFFERED DELETE FROM ICEBERG [functional_parquet.iceberg_partition_transforms_zorder-POSITION-DELETE]
|
03:SORT
|  order by: LEXICAL: year(ice_zorder.ts) ASC NULLS LAST, iceberg_bucket_transform(ice_zorder.s, 5) ASC NULLS LAST, ZORDER: i, length(action)
|  row-size=80B cardinality=20
|
02:HASH JOIN [INNER JOIN]
|  hash predicates: source.id = ice_zorder.i
|  runtime filters: RF000 <- ice_zorder.i
|  row-size=84B cardinality=20
|
|--00:SCAN HDFS [functional_parquet.iceberg_partition_transforms_zorder ice_zorder]
|     HDFS partitions=1/1 files=1 size=1.08KB
|     Iceberg snapshot id: 7350750578864730166
|     row-size=68B cardinality=1
|
01:SCAN HDFS [functional_parquet.iceberg_partitioned source]
   HDFS partitions=1/1 files=20 size=22.90KB
   runtime filters: RF000 -> source.id
   Iceberg snapshot id: 8270633197658268308
   row-size=16B cardinality=20
---- DISTRIBUTEDPLAN
MULTI DATA SINK
|->WRITE TO HDFS [functional_parquet.iceberg_partition_transforms_zorder, OVERWRITE=false, PARTITION-KEYS=(year(ice_zorder.ts),iceberg_bucket_transform(ice_zorder.s, 5))]
|->BUFFERED DELETE FROM ICEBERG [functional_parquet.iceberg_partition_transforms_zorder-POSITION-DELETE]
|
05:SORT
|  order by: LEXICAL: year(ice_zorder.ts) ASC NULLS LAST, iceberg_bucket_transform(ice_zorder.s, 5) ASC NULLS LAST, ZORDER: i, length(action)
|  row-size=80B cardinality=20
|
04:EXCHANGE [HASH(year(ice_zorder.ts),iceberg_bucket_transform(ice_zorder.s, 5))]
|
02:HASH JOIN [INNER JOIN, BROADCAST]
|  hash predicates: source.id = ice_zorder.i
|  runtime filters: RF000 <- ice_zorder.i
|  row-size=84B cardinality=20
|
|--03:EXCHANGE [BROADCAST]
|  |
|  00:SCAN HDFS [functional_parquet.iceberg_partition_transforms_zorder ice_zorder]
|     HDFS partitions=1/1 files=1 size=1.08KB
|     Iceberg snapshot id: 7350750578864730166
|     row-size=68B cardinality=1
|
01:SCAN HDFS [functional_parquet.iceberg_partitioned source]
   HDFS partitions=1/1 files=20 size=22.90KB
   runtime filters: RF000 -> source.id
   Iceberg snapshot id: 8270633197658268308
   row-size=16B cardinality=20
====
