SELECT * FROM functional_parquet.iceberg_alltypes_part_orc.history
---- PLAN
PLAN-ROOT SINK
|
00:SCAN ICEBERG METADATA [functional_parquet.iceberg_alltypes_part_orc.HISTORY]
   row-size=33B cardinality=unavailable
---- DISTRIBUTEDPLAN
PLAN-ROOT SINK
|
00:SCAN ICEBERG METADATA [functional_parquet.iceberg_alltypes_part_orc.HISTORY]
   row-size=33B cardinality=unavailable
====
select *
from functional_parquet.iceberg_alltypes_part_orc.history q
  join functional_parquet.iceberg_alltypes_part_orc.history z
  on z.snapshot_id = q.snapshot_id
---- PLAN
PLAN-ROOT SINK
|
02:HASH JOIN [INNER JOIN]
|  hash predicates: q.snapshot_id = z.snapshot_id
|  row-size=66B cardinality=unavailable
|
|--01:SCAN ICEBERG METADATA [functional_parquet.iceberg_alltypes_part_orc.HISTORY z]
|     row-size=33B cardinality=unavailable
|
00:SCAN ICEBERG METADATA [functional_parquet.iceberg_alltypes_part_orc.HISTORY q]
   row-size=33B cardinality=unavailable
---- DISTRIBUTEDPLAN
PLAN-ROOT SINK
|
02:HASH JOIN [INNER JOIN, BROADCAST]
|  hash predicates: q.snapshot_id = z.snapshot_id
|  row-size=66B cardinality=unavailable
|
|--03:EXCHANGE [UNPARTITIONED]
|  |
|  01:SCAN ICEBERG METADATA [functional_parquet.iceberg_alltypes_part_orc.HISTORY z]
|     row-size=33B cardinality=unavailable
|
00:SCAN ICEBERG METADATA [functional_parquet.iceberg_alltypes_part_orc.HISTORY q]
   row-size=33B cardinality=unavailable
====
select q.snapshot_id, z.made_current_at as test1, z.made_current_at as test2
from functional_parquet.iceberg_alltypes_part_orc.history q
  join functional_parquet.iceberg_alltypes_part_orc.history z
  on z.snapshot_id = q.snapshot_id
---- PLAN
PLAN-ROOT SINK
|
02:HASH JOIN [INNER JOIN]
|  hash predicates: q.snapshot_id = z.snapshot_id
|  row-size=32B cardinality=unavailable
|
|--01:SCAN ICEBERG METADATA [functional_parquet.iceberg_alltypes_part_orc.HISTORY z]
|     row-size=24B cardinality=unavailable
|
00:SCAN ICEBERG METADATA [functional_parquet.iceberg_alltypes_part_orc.HISTORY q]
   row-size=8B cardinality=unavailable
---- DISTRIBUTEDPLAN
PLAN-ROOT SINK
|
02:HASH JOIN [INNER JOIN, BROADCAST]
|  hash predicates: q.snapshot_id = z.snapshot_id
|  row-size=32B cardinality=unavailable
|
|--03:EXCHANGE [UNPARTITIONED]
|  |
|  01:SCAN ICEBERG METADATA [functional_parquet.iceberg_alltypes_part_orc.HISTORY z]
|     row-size=24B cardinality=unavailable
|
00:SCAN ICEBERG METADATA [functional_parquet.iceberg_alltypes_part_orc.HISTORY q]
   row-size=8B cardinality=unavailable
====
select q.snapshot_id, z.made_current_at as test1, z.made_current_at as test2
from functional_parquet.iceberg_alltypes_part_orc.history q
  join /* +SHUFFLE */ functional_parquet.iceberg_alltypes_part_orc.history z
  on z.snapshot_id = q.snapshot_id
---- PLAN
PLAN-ROOT SINK
|
02:HASH JOIN [INNER JOIN]
|  hash predicates: q.snapshot_id = z.snapshot_id
|  row-size=32B cardinality=unavailable
|
|--01:SCAN ICEBERG METADATA [functional_parquet.iceberg_alltypes_part_orc.HISTORY z]
|     row-size=24B cardinality=unavailable
|
00:SCAN ICEBERG METADATA [functional_parquet.iceberg_alltypes_part_orc.HISTORY q]
   row-size=8B cardinality=unavailable
---- DISTRIBUTEDPLAN
PLAN-ROOT SINK
|
05:EXCHANGE [UNPARTITIONED]
|
02:HASH JOIN [INNER JOIN, PARTITIONED]
|  hash predicates: q.snapshot_id = z.snapshot_id
|  row-size=32B cardinality=unavailable
|
|--04:EXCHANGE [HASH(z.snapshot_id)]
|  |
|  01:SCAN ICEBERG METADATA [functional_parquet.iceberg_alltypes_part_orc.HISTORY z]
|     row-size=24B cardinality=unavailable
|
03:EXCHANGE [HASH(q.snapshot_id)]
|
00:SCAN ICEBERG METADATA [functional_parquet.iceberg_alltypes_part_orc.HISTORY q]
   row-size=8B cardinality=unavailable
====