select * from iceberg_mixed_file_format_part where int_col = 1;
---- PLAN
F00:PLAN FRAGMENT [UNPARTITIONED] hosts=1 instances=1
Per-Host Resources: mem-estimate=36.00MB mem-reservation=4.01MB thread-reservation=2
  PLAN-ROOT SINK
  |  output exprs: functional_parquet.iceberg_mixed_file_format_part.string_col, functional_parquet.iceberg_mixed_file_format_part.double_col, functional_parquet.iceberg_mixed_file_format_part.bool_col, functional_parquet.iceberg_mixed_file_format_part.int_col
  |  mem-estimate=4.00MB mem-reservation=4.00MB spill-buffer=2.00MB thread-reservation=0
  |
  00:SCAN HDFS [functional_parquet.iceberg_mixed_file_format_part]
     HDFS partitions=1/1 files=1 size=726B
     Iceberg snapshot id: 1843610873488300188
     skipped Iceberg predicates: int_col = CAST(1 AS INT)
     stored statistics:
       table: rows=3 size=2.37KB
       columns: unavailable
     extrapolated-rows=disabled max-scan-range-rows=3
     file formats: [AVRO]
     mem-estimate=32.00MB mem-reservation=8.00KB thread-reservation=1
     tuple-ids=0 row-size=25B cardinality=1
     in pipelines: 00(GETNEXT)
---- DISTRIBUTEDPLAN
F01:PLAN FRAGMENT [UNPARTITIONED] hosts=1 instances=1
Per-Host Resources: mem-estimate=4.02MB mem-reservation=4.00MB thread-reservation=1
  PLAN-ROOT SINK
  |  output exprs: functional_parquet.iceberg_mixed_file_format_part.string_col, functional_parquet.iceberg_mixed_file_format_part.double_col, functional_parquet.iceberg_mixed_file_format_part.bool_col, functional_parquet.iceberg_mixed_file_format_part.int_col
  |  mem-estimate=4.00MB mem-reservation=4.00MB spill-buffer=2.00MB thread-reservation=0
  |
  01:EXCHANGE [UNPARTITIONED]
     mem-estimate=16.00KB mem-reservation=0B thread-reservation=0
     tuple-ids=0 row-size=25B cardinality=1
     in pipelines: 00(GETNEXT)

F00:PLAN FRAGMENT [RANDOM] hosts=1 instances=1
Per-Host Resources: mem-estimate=32.11MB mem-reservation=8.00KB thread-reservation=2
  DATASTREAM SINK [FRAGMENT=F01, EXCHANGE=01, UNPARTITIONED]
  |  mem-estimate=116.00KB mem-reservation=0B thread-reservation=0
  00:SCAN HDFS [functional_parquet.iceberg_mixed_file_format_part, RANDOM]
     HDFS partitions=1/1 files=1 size=726B
     Iceberg snapshot id: 1843610873488300188
     skipped Iceberg predicates: int_col = CAST(1 AS INT)
     stored statistics:
       table: rows=3 size=2.37KB
       columns: unavailable
     extrapolated-rows=disabled max-scan-range-rows=3
     file formats: [AVRO]
     mem-estimate=32.00MB mem-reservation=8.00KB thread-reservation=1
     tuple-ids=0 row-size=25B cardinality=1
     in pipelines: 00(GETNEXT)
====
select * from iceberg_mixed_file_format_part where int_col = 2;
---- PLAN
F00:PLAN FRAGMENT [UNPARTITIONED] hosts=1 instances=1
Per-Host Resources: mem-estimate=132.00MB mem-reservation=4.08MB thread-reservation=2
  PLAN-ROOT SINK
  |  output exprs: functional_parquet.iceberg_mixed_file_format_part.string_col, functional_parquet.iceberg_mixed_file_format_part.double_col, functional_parquet.iceberg_mixed_file_format_part.bool_col, functional_parquet.iceberg_mixed_file_format_part.int_col
  |  mem-estimate=4.00MB mem-reservation=4.00MB spill-buffer=2.00MB thread-reservation=0
  |
  00:SCAN HDFS [functional_parquet.iceberg_mixed_file_format_part]
     HDFS partitions=1/1 files=1 size=542B
     Iceberg snapshot id: 1843610873488300188
     skipped Iceberg predicates: int_col = CAST(2 AS INT)
     stored statistics:
       table: rows=3 size=2.37KB
       columns: unavailable
     extrapolated-rows=disabled max-scan-range-rows=3
     file formats: [ORC]
     mem-estimate=128.00MB mem-reservation=80.00KB thread-reservation=1
     tuple-ids=0 row-size=25B cardinality=1
     in pipelines: 00(GETNEXT)
---- DISTRIBUTEDPLAN
F01:PLAN FRAGMENT [UNPARTITIONED] hosts=1 instances=1
Per-Host Resources: mem-estimate=4.02MB mem-reservation=4.00MB thread-reservation=1
  PLAN-ROOT SINK
  |  output exprs: functional_parquet.iceberg_mixed_file_format_part.string_col, functional_parquet.iceberg_mixed_file_format_part.double_col, functional_parquet.iceberg_mixed_file_format_part.bool_col, functional_parquet.iceberg_mixed_file_format_part.int_col
  |  mem-estimate=4.00MB mem-reservation=4.00MB spill-buffer=2.00MB thread-reservation=0
  |
  01:EXCHANGE [UNPARTITIONED]
     mem-estimate=16.00KB mem-reservation=0B thread-reservation=0
     tuple-ids=0 row-size=25B cardinality=1
     in pipelines: 00(GETNEXT)

F00:PLAN FRAGMENT [RANDOM] hosts=1 instances=1
Per-Host Resources: mem-estimate=128.11MB mem-reservation=80.00KB thread-reservation=2
  DATASTREAM SINK [FRAGMENT=F01, EXCHANGE=01, UNPARTITIONED]
  |  mem-estimate=116.00KB mem-reservation=0B thread-reservation=0
  00:SCAN HDFS [functional_parquet.iceberg_mixed_file_format_part, RANDOM]
     HDFS partitions=1/1 files=1 size=542B
     Iceberg snapshot id: 1843610873488300188
     skipped Iceberg predicates: int_col = CAST(2 AS INT)
     stored statistics:
       table: rows=3 size=2.37KB
       columns: unavailable
     extrapolated-rows=disabled max-scan-range-rows=3
     file formats: [ORC]
     mem-estimate=128.00MB mem-reservation=80.00KB thread-reservation=1
     tuple-ids=0 row-size=25B cardinality=1
     in pipelines: 00(GETNEXT)
====
select * from iceberg_mixed_file_format_part where int_col = 3;
---- PLAN
F00:PLAN FRAGMENT [UNPARTITIONED] hosts=1 instances=1
Per-Host Resources: mem-estimate=68.00MB mem-reservation=4.03MB thread-reservation=2
  PLAN-ROOT SINK
  |  output exprs: functional_parquet.iceberg_mixed_file_format_part.string_col, functional_parquet.iceberg_mixed_file_format_part.double_col, functional_parquet.iceberg_mixed_file_format_part.bool_col, functional_parquet.iceberg_mixed_file_format_part.int_col
  |  mem-estimate=4.00MB mem-reservation=4.00MB spill-buffer=2.00MB thread-reservation=0
  |
  00:SCAN HDFS [functional_parquet.iceberg_mixed_file_format_part]
     HDFS partitions=1/1 files=1 size=1.14KB
     Iceberg snapshot id: 1843610873488300188
     skipped Iceberg predicates: int_col = CAST(3 AS INT)
     stored statistics:
       table: rows=3 size=2.37KB
       columns: unavailable
     extrapolated-rows=disabled max-scan-range-rows=3
     file formats: [PARQUET]
     mem-estimate=64.00MB mem-reservation=32.00KB thread-reservation=1
     tuple-ids=0 row-size=25B cardinality=1
     in pipelines: 00(GETNEXT)
---- DISTRIBUTEDPLAN
F01:PLAN FRAGMENT [UNPARTITIONED] hosts=1 instances=1
Per-Host Resources: mem-estimate=4.02MB mem-reservation=4.00MB thread-reservation=1
  PLAN-ROOT SINK
  |  output exprs: functional_parquet.iceberg_mixed_file_format_part.string_col, functional_parquet.iceberg_mixed_file_format_part.double_col, functional_parquet.iceberg_mixed_file_format_part.bool_col, functional_parquet.iceberg_mixed_file_format_part.int_col
  |  mem-estimate=4.00MB mem-reservation=4.00MB spill-buffer=2.00MB thread-reservation=0
  |
  01:EXCHANGE [UNPARTITIONED]
     mem-estimate=16.00KB mem-reservation=0B thread-reservation=0
     tuple-ids=0 row-size=25B cardinality=1
     in pipelines: 00(GETNEXT)

F00:PLAN FRAGMENT [RANDOM] hosts=1 instances=1
Per-Host Resources: mem-estimate=64.11MB mem-reservation=32.00KB thread-reservation=2
  DATASTREAM SINK [FRAGMENT=F01, EXCHANGE=01, UNPARTITIONED]
  |  mem-estimate=116.00KB mem-reservation=0B thread-reservation=0
  00:SCAN HDFS [functional_parquet.iceberg_mixed_file_format_part, RANDOM]
     HDFS partitions=1/1 files=1 size=1.14KB
     Iceberg snapshot id: 1843610873488300188
     skipped Iceberg predicates: int_col = CAST(3 AS INT)
     stored statistics:
       table: rows=3 size=2.37KB
       columns: unavailable
     extrapolated-rows=disabled max-scan-range-rows=3
     file formats: [PARQUET]
     mem-estimate=64.00MB mem-reservation=32.00KB thread-reservation=1
     tuple-ids=0 row-size=25B cardinality=1
     in pipelines: 00(GETNEXT)
====
select * from iceberg_mixed_file_format_part where int_col in (1, 3);
---- PLAN
F00:PLAN FRAGMENT [UNPARTITIONED] hosts=1 instances=1
Per-Host Resources: mem-estimate=68.00MB mem-reservation=4.03MB thread-reservation=2
  PLAN-ROOT SINK
  |  output exprs: functional_parquet.iceberg_mixed_file_format_part.string_col, functional_parquet.iceberg_mixed_file_format_part.double_col, functional_parquet.iceberg_mixed_file_format_part.bool_col, functional_parquet.iceberg_mixed_file_format_part.int_col
  |  mem-estimate=4.00MB mem-reservation=4.00MB spill-buffer=2.00MB thread-reservation=0
  |
  00:SCAN HDFS [functional_parquet.iceberg_mixed_file_format_part]
     HDFS partitions=1/1 files=2 size=1.84KB
     Iceberg snapshot id: 1843610873488300188
     skipped Iceberg predicates: int_col IN (CAST(1 AS INT), CAST(3 AS INT))
     stored statistics:
       table: rows=3 size=2.37KB
       columns: unavailable
     extrapolated-rows=disabled max-scan-range-rows=1
     file formats: [AVRO, PARQUET]
     mem-estimate=64.00MB mem-reservation=32.00KB thread-reservation=1
     tuple-ids=0 row-size=25B cardinality=2
     in pipelines: 00(GETNEXT)
---- DISTRIBUTEDPLAN
F01:PLAN FRAGMENT [UNPARTITIONED] hosts=1 instances=1
Per-Host Resources: mem-estimate=4.02MB mem-reservation=4.00MB thread-reservation=1
  PLAN-ROOT SINK
  |  output exprs: functional_parquet.iceberg_mixed_file_format_part.string_col, functional_parquet.iceberg_mixed_file_format_part.double_col, functional_parquet.iceberg_mixed_file_format_part.bool_col, functional_parquet.iceberg_mixed_file_format_part.int_col
  |  mem-estimate=4.00MB mem-reservation=4.00MB spill-buffer=2.00MB thread-reservation=0
  |
  01:EXCHANGE [UNPARTITIONED]
     mem-estimate=16.00KB mem-reservation=0B thread-reservation=0
     tuple-ids=0 row-size=25B cardinality=2
     in pipelines: 00(GETNEXT)

F00:PLAN FRAGMENT [RANDOM] hosts=2 instances=2
Per-Host Resources: mem-estimate=64.11MB mem-reservation=32.00KB thread-reservation=2
  DATASTREAM SINK [FRAGMENT=F01, EXCHANGE=01, UNPARTITIONED]
  |  mem-estimate=116.00KB mem-reservation=0B thread-reservation=0
  00:SCAN HDFS [functional_parquet.iceberg_mixed_file_format_part, RANDOM]
     HDFS partitions=1/1 files=2 size=1.84KB
     Iceberg snapshot id: 1843610873488300188
     skipped Iceberg predicates: int_col IN (CAST(1 AS INT), CAST(3 AS INT))
     stored statistics:
       table: rows=3 size=2.37KB
       columns: unavailable
     extrapolated-rows=disabled max-scan-range-rows=1
     file formats: [AVRO, PARQUET]
     mem-estimate=64.00MB mem-reservation=32.00KB thread-reservation=1
     tuple-ids=0 row-size=25B cardinality=2
     in pipelines: 00(GETNEXT)
====
select * from iceberg_mixed_file_format_part where int_col in (2, 3);
---- PLAN
F00:PLAN FRAGMENT [UNPARTITIONED] hosts=1 instances=1
Per-Host Resources: mem-estimate=132.00MB mem-reservation=4.08MB thread-reservation=2
  PLAN-ROOT SINK
  |  output exprs: functional_parquet.iceberg_mixed_file_format_part.string_col, functional_parquet.iceberg_mixed_file_format_part.double_col, functional_parquet.iceberg_mixed_file_format_part.bool_col, functional_parquet.iceberg_mixed_file_format_part.int_col
  |  mem-estimate=4.00MB mem-reservation=4.00MB spill-buffer=2.00MB thread-reservation=0
  |
  00:SCAN HDFS [functional_parquet.iceberg_mixed_file_format_part]
     HDFS partitions=1/1 files=2 size=1.67KB
     Iceberg snapshot id: 1843610873488300188
     skipped Iceberg predicates: int_col IN (CAST(2 AS INT), CAST(3 AS INT))
     stored statistics:
       table: rows=3 size=2.37KB
       columns: unavailable
     extrapolated-rows=disabled max-scan-range-rows=2
     file formats: [ORC, PARQUET]
     mem-estimate=128.00MB mem-reservation=80.00KB thread-reservation=1
     tuple-ids=0 row-size=25B cardinality=2
     in pipelines: 00(GETNEXT)
---- DISTRIBUTEDPLAN
F01:PLAN FRAGMENT [UNPARTITIONED] hosts=1 instances=1
Per-Host Resources: mem-estimate=4.02MB mem-reservation=4.00MB thread-reservation=1
  PLAN-ROOT SINK
  |  output exprs: functional_parquet.iceberg_mixed_file_format_part.string_col, functional_parquet.iceberg_mixed_file_format_part.double_col, functional_parquet.iceberg_mixed_file_format_part.bool_col, functional_parquet.iceberg_mixed_file_format_part.int_col
  |  mem-estimate=4.00MB mem-reservation=4.00MB spill-buffer=2.00MB thread-reservation=0
  |
  01:EXCHANGE [UNPARTITIONED]
     mem-estimate=16.00KB mem-reservation=0B thread-reservation=0
     tuple-ids=0 row-size=25B cardinality=2
     in pipelines: 00(GETNEXT)

F00:PLAN FRAGMENT [RANDOM] hosts=2 instances=2
Per-Host Resources: mem-estimate=128.11MB mem-reservation=80.00KB thread-reservation=2
  DATASTREAM SINK [FRAGMENT=F01, EXCHANGE=01, UNPARTITIONED]
  |  mem-estimate=116.00KB mem-reservation=0B thread-reservation=0
  00:SCAN HDFS [functional_parquet.iceberg_mixed_file_format_part, RANDOM]
     HDFS partitions=1/1 files=2 size=1.67KB
     Iceberg snapshot id: 1843610873488300188
     skipped Iceberg predicates: int_col IN (CAST(2 AS INT), CAST(3 AS INT))
     stored statistics:
       table: rows=3 size=2.37KB
       columns: unavailable
     extrapolated-rows=disabled max-scan-range-rows=2
     file formats: [ORC, PARQUET]
     mem-estimate=128.00MB mem-reservation=80.00KB thread-reservation=1
     tuple-ids=0 row-size=25B cardinality=2
     in pipelines: 00(GETNEXT)
====
