# IMPALA-9983
# Base case. Limit pushdown into analytic sort should be applied
select * from (
  select int_col, bigint_col, smallint_col,
    rank() over (partition by int_col order by smallint_col desc) rk
  from functional.alltypesagg) dt
where rk <= 10
order by int_col, bigint_col, smallint_col, rk
limit 10
---- PLAN
PLAN-ROOT SINK
|
04:TOP-N [LIMIT=10]
|  order by: int_col ASC, bigint_col ASC, smallint_col ASC, rk ASC
|  row-size=22B cardinality=10
|
03:SELECT
|  predicates: rank() <= 10
|  row-size=22B cardinality=20
|
02:ANALYTIC
|  functions: rank()
|  partition by: int_col
|  order by: smallint_col DESC
|  window: RANGE BETWEEN UNBOUNDED PRECEDING AND CURRENT ROW
|  row-size=22B cardinality=20
|
01:TOP-N
|  order by: int_col ASC NULLS LAST, smallint_col DESC
|  limit with ties: 20
|  source expr: rank() <= CAST(10 AS BIGINT)
|  row-size=14B cardinality=20
|
00:SCAN HDFS [functional.alltypesagg]
   HDFS partitions=11/11 files=11 size=814.73KB
   row-size=14B cardinality=11.00K
---- DISTRIBUTEDPLAN
PLAN-ROOT SINK
|
07:MERGING-EXCHANGE [UNPARTITIONED]
|  order by: int_col ASC, bigint_col ASC, smallint_col ASC, rk ASC
|  limit: 10
|
04:TOP-N [LIMIT=10]
|  order by: int_col ASC, bigint_col ASC, smallint_col ASC, rk ASC
|  row-size=22B cardinality=10
|
03:SELECT
|  predicates: rank() <= 10
|  row-size=22B cardinality=20
|
02:ANALYTIC
|  functions: rank()
|  partition by: int_col
|  order by: smallint_col DESC
|  window: RANGE BETWEEN UNBOUNDED PRECEDING AND CURRENT ROW
|  row-size=22B cardinality=20
|
06:TOP-N
|  order by: int_col ASC NULLS LAST, smallint_col DESC
|  limit with ties: 20
|  row-size=14B cardinality=20
|
05:EXCHANGE [HASH(int_col)]
|
01:TOP-N
|  order by: int_col ASC NULLS LAST, smallint_col DESC
|  limit with ties: 20
|  source expr: rank() <= CAST(10 AS BIGINT)
|  row-size=14B cardinality=20
|
00:SCAN HDFS [functional.alltypesagg]
   HDFS partitions=11/11 files=11 size=814.73KB
   row-size=14B cardinality=11.00K
====
# row_number() predicate on equality instead of range.
# The rk = 10 predicate allows use of the partitioned top-n for the
# analytic sort, but the limit from the final TOP-N cannot be pushed
# down safely, since the SELECT will filter out additional rows per partition.
select * from (
  select int_col, bigint_col, smallint_col,
    row_number() over (partition by int_col order by smallint_col desc) rk
  from functional.alltypesagg) dt
where rk = 10
order by int_col, bigint_col, smallint_col, rk
limit 10
---- PLAN
PLAN-ROOT SINK
|
04:TOP-N [LIMIT=10]
|  order by: int_col ASC, bigint_col ASC, smallint_col ASC, rk ASC
|  row-size=22B cardinality=10
|
03:SELECT
|  predicates: row_number() = 10
|  row-size=22B cardinality=9.57K
|
02:ANALYTIC
|  functions: row_number()
|  partition by: int_col
|  order by: smallint_col DESC
|  window: ROWS BETWEEN UNBOUNDED PRECEDING AND CURRENT ROW
|  row-size=22B cardinality=9.57K
|
01:TOP-N
|  partition by: int_col
|  order by: smallint_col DESC
|  partition limit: 10
|  source expr: row_number() = CAST(10 AS BIGINT)
|  row-size=14B cardinality=9.57K
|
00:SCAN HDFS [functional.alltypesagg]
   HDFS partitions=11/11 files=11 size=814.73KB
   row-size=14B cardinality=11.00K
---- DISTRIBUTEDPLAN
PLAN-ROOT SINK
|
07:MERGING-EXCHANGE [UNPARTITIONED]
|  order by: int_col ASC, bigint_col ASC, smallint_col ASC, rk ASC
|  limit: 10
|
04:TOP-N [LIMIT=10]
|  order by: int_col ASC, bigint_col ASC, smallint_col ASC, rk ASC
|  row-size=22B cardinality=10
|
03:SELECT
|  predicates: row_number() = 10
|  row-size=22B cardinality=9.57K
|
02:ANALYTIC
|  functions: row_number()
|  partition by: int_col
|  order by: smallint_col DESC
|  window: ROWS BETWEEN UNBOUNDED PRECEDING AND CURRENT ROW
|  row-size=22B cardinality=9.57K
|
06:TOP-N
|  partition by: int_col
|  order by: smallint_col DESC
|  partition limit: 10
|  row-size=14B cardinality=9.57K
|
05:EXCHANGE [HASH(int_col)]
|
01:TOP-N
|  partition by: int_col
|  order by: smallint_col DESC
|  partition limit: 10
|  source expr: row_number() = CAST(10 AS BIGINT)
|  row-size=14B cardinality=9.57K
|
00:SCAN HDFS [functional.alltypesagg]
   HDFS partitions=11/11 files=11 size=814.73KB
   row-size=14B cardinality=11.00K
====
# Limit pushdown into analytic sort cannot be applied because
# per-partition limit in partitioned top-n is lower than the limit
# to be pushed down.
select * from (
  select int_col, bigint_col, smallint_col,
    row_number() over (partition by int_col order by smallint_col desc) rk
  from functional.alltypesagg) dt
where rk = 5
order by int_col, bigint_col, smallint_col, rk
limit 10
---- PLAN
PLAN-ROOT SINK
|
04:TOP-N [LIMIT=10]
|  order by: int_col ASC, bigint_col ASC, smallint_col ASC, rk ASC
|  row-size=22B cardinality=10
|
03:SELECT
|  predicates: row_number() = 5
|  row-size=22B cardinality=4.79K
|
02:ANALYTIC
|  functions: row_number()
|  partition by: int_col
|  order by: smallint_col DESC
|  window: ROWS BETWEEN UNBOUNDED PRECEDING AND CURRENT ROW
|  row-size=22B cardinality=4.79K
|
01:TOP-N
|  partition by: int_col
|  order by: smallint_col DESC
|  partition limit: 5
|  source expr: row_number() = CAST(5 AS BIGINT)
|  row-size=14B cardinality=4.79K
|
00:SCAN HDFS [functional.alltypesagg]
   HDFS partitions=11/11 files=11 size=814.73KB
   row-size=14B cardinality=11.00K
---- DISTRIBUTEDPLAN
PLAN-ROOT SINK
|
07:MERGING-EXCHANGE [UNPARTITIONED]
|  order by: int_col ASC, bigint_col ASC, smallint_col ASC, rk ASC
|  limit: 10
|
04:TOP-N [LIMIT=10]
|  order by: int_col ASC, bigint_col ASC, smallint_col ASC, rk ASC
|  row-size=22B cardinality=10
|
03:SELECT
|  predicates: row_number() = 5
|  row-size=22B cardinality=4.79K
|
02:ANALYTIC
|  functions: row_number()
|  partition by: int_col
|  order by: smallint_col DESC
|  window: ROWS BETWEEN UNBOUNDED PRECEDING AND CURRENT ROW
|  row-size=22B cardinality=4.79K
|
06:TOP-N
|  partition by: int_col
|  order by: smallint_col DESC
|  partition limit: 5
|  row-size=14B cardinality=4.79K
|
05:EXCHANGE [HASH(int_col)]
|
01:TOP-N
|  partition by: int_col
|  order by: smallint_col DESC
|  partition limit: 5
|  source expr: row_number() = CAST(5 AS BIGINT)
|  row-size=14B cardinality=4.79K
|
00:SCAN HDFS [functional.alltypesagg]
   HDFS partitions=11/11 files=11 size=814.73KB
   row-size=14B cardinality=11.00K
====
# Multi column partition-by which is prefix of sort exprs.
# Limit pushdown into analytic sort should be applied
select * from (
  select int_col, bigint_col, smallint_col,
    rank() over (partition by int_col, bigint_col
                 order by smallint_col desc) rk
  from functional.alltypesagg) dt
where rk <= 10
order by int_col, bigint_col, smallint_col, rk
limit 10;
---- PLAN
PLAN-ROOT SINK
|
04:TOP-N [LIMIT=10]
|  order by: int_col ASC, bigint_col ASC, smallint_col ASC, rk ASC
|  row-size=22B cardinality=10
|
03:SELECT
|  predicates: rank() <= 10
|  row-size=22B cardinality=20
|
02:ANALYTIC
|  functions: rank()
|  partition by: int_col, bigint_col
|  order by: smallint_col DESC
|  window: RANGE BETWEEN UNBOUNDED PRECEDING AND CURRENT ROW
|  row-size=22B cardinality=20
|
01:TOP-N
|  order by: int_col ASC NULLS LAST, bigint_col ASC NULLS LAST, smallint_col DESC
|  limit with ties: 20
|  source expr: rank() <= CAST(10 AS BIGINT)
|  row-size=14B cardinality=20
|
00:SCAN HDFS [functional.alltypesagg]
   HDFS partitions=11/11 files=11 size=814.73KB
   row-size=14B cardinality=11.00K
---- DISTRIBUTEDPLAN
PLAN-ROOT SINK
|
07:MERGING-EXCHANGE [UNPARTITIONED]
|  order by: int_col ASC, bigint_col ASC, smallint_col ASC, rk ASC
|  limit: 10
|
04:TOP-N [LIMIT=10]
|  order by: int_col ASC, bigint_col ASC, smallint_col ASC, rk ASC
|  row-size=22B cardinality=10
|
03:SELECT
|  predicates: rank() <= 10
|  row-size=22B cardinality=20
|
02:ANALYTIC
|  functions: rank()
|  partition by: int_col, bigint_col
|  order by: smallint_col DESC
|  window: RANGE BETWEEN UNBOUNDED PRECEDING AND CURRENT ROW
|  row-size=22B cardinality=20
|
06:TOP-N
|  order by: int_col ASC NULLS LAST, bigint_col ASC NULLS LAST, smallint_col DESC
|  limit with ties: 20
|  row-size=14B cardinality=20
|
05:EXCHANGE [HASH(int_col,bigint_col)]
|
01:TOP-N
|  order by: int_col ASC NULLS LAST, bigint_col ASC NULLS LAST, smallint_col DESC
|  limit with ties: 20
|  source expr: rank() <= CAST(10 AS BIGINT)
|  row-size=14B cardinality=20
|
00:SCAN HDFS [functional.alltypesagg]
   HDFS partitions=11/11 files=11 size=814.73KB
   row-size=14B cardinality=11.00K
====
# Limit is present without Order By.
# Limit pushdown should be applied.
select * from (
  select int_col, bigint_col, smallint_col,
    rank() over (partition by int_col order by smallint_col desc) rk
  from functional.alltypesagg) dt
where rk <= 10
limit 10
---- PLAN
PLAN-ROOT SINK
|
03:SELECT
|  predicates: rank() <= 10
|  limit: 10
|  row-size=22B cardinality=10
|
02:ANALYTIC
|  functions: rank()
|  partition by: int_col
|  order by: smallint_col DESC
|  window: RANGE BETWEEN UNBOUNDED PRECEDING AND CURRENT ROW
|  row-size=22B cardinality=9.57K
|
01:TOP-N
|  partition by: int_col
|  order by: smallint_col DESC
|  partition limit: 10 (include ties)
|  source expr: rank() <= CAST(10 AS BIGINT)
|  row-size=14B cardinality=9.57K
|
00:SCAN HDFS [functional.alltypesagg]
   HDFS partitions=11/11 files=11 size=814.73KB
   row-size=14B cardinality=11.00K
---- DISTRIBUTEDPLAN
PLAN-ROOT SINK
|
06:EXCHANGE [UNPARTITIONED]
|  limit: 10
|
03:SELECT
|  predicates: rank() <= 10
|  limit: 10
|  row-size=22B cardinality=10
|
02:ANALYTIC
|  functions: rank()
|  partition by: int_col
|  order by: smallint_col DESC
|  window: RANGE BETWEEN UNBOUNDED PRECEDING AND CURRENT ROW
|  row-size=22B cardinality=9.57K
|
05:TOP-N
|  partition by: int_col
|  order by: smallint_col DESC
|  partition limit: 10 (include ties)
|  row-size=14B cardinality=9.57K
|
04:EXCHANGE [HASH(int_col)]
|
01:TOP-N
|  partition by: int_col
|  order by: smallint_col DESC
|  partition limit: 10 (include ties)
|  source expr: rank() <= CAST(10 AS BIGINT)
|  row-size=14B cardinality=9.57K
|
00:SCAN HDFS [functional.alltypesagg]
   HDFS partitions=11/11 files=11 size=814.73KB
   row-size=14B cardinality=11.00K
====
# rank() predicate operands is flipped.
# Limit pushdown should be applied.
select * from (
  select int_col, bigint_col, smallint_col,
    rank() over (partition by int_col order by smallint_col desc) rk
  from functional.alltypesagg) dt
where 10 > rk
order by int_col, bigint_col, smallint_col, rk
limit 10
---- PLAN
PLAN-ROOT SINK
|
04:TOP-N [LIMIT=10]
|  order by: int_col ASC, bigint_col ASC, smallint_col ASC, rk ASC
|  row-size=22B cardinality=10
|
03:SELECT
|  predicates: rank() < 10
|  row-size=22B cardinality=8.61K
|
02:ANALYTIC
|  functions: rank()
|  partition by: int_col
|  order by: smallint_col DESC
|  window: RANGE BETWEEN UNBOUNDED PRECEDING AND CURRENT ROW
|  row-size=22B cardinality=8.61K
|
01:TOP-N
|  partition by: int_col
|  order by: smallint_col DESC
|  partition limit: 9 (include ties)
|  source expr: rank() < CAST(10 AS BIGINT)
|  row-size=14B cardinality=8.61K
|
00:SCAN HDFS [functional.alltypesagg]
   HDFS partitions=11/11 files=11 size=814.73KB
   row-size=14B cardinality=11.00K
---- DISTRIBUTEDPLAN
PLAN-ROOT SINK
|
07:MERGING-EXCHANGE [UNPARTITIONED]
|  order by: int_col ASC, bigint_col ASC, smallint_col ASC, rk ASC
|  limit: 10
|
04:TOP-N [LIMIT=10]
|  order by: int_col ASC, bigint_col ASC, smallint_col ASC, rk ASC
|  row-size=22B cardinality=10
|
03:SELECT
|  predicates: rank() < 10
|  row-size=22B cardinality=8.61K
|
02:ANALYTIC
|  functions: rank()
|  partition by: int_col
|  order by: smallint_col DESC
|  window: RANGE BETWEEN UNBOUNDED PRECEDING AND CURRENT ROW
|  row-size=22B cardinality=8.61K
|
06:TOP-N
|  partition by: int_col
|  order by: smallint_col DESC
|  partition limit: 9 (include ties)
|  row-size=14B cardinality=8.61K
|
05:EXCHANGE [HASH(int_col)]
|
01:TOP-N
|  partition by: int_col
|  order by: smallint_col DESC
|  partition limit: 9 (include ties)
|  source expr: rank() < CAST(10 AS BIGINT)
|  row-size=14B cardinality=8.61K
|
00:SCAN HDFS [functional.alltypesagg]
   HDFS partitions=11/11 files=11 size=814.73KB
   row-size=14B cardinality=11.00K
====
# Partition-by and order-by exprs refer to derived table
# columns rather than base table columns.
# Limit pushdown should be applied.
select * from (
  select int_col, bigint_col, smallint_col,
    rank() over (partition by int_col order by smallint_col desc) rk
  from (select int_col, bigint_col, smallint_col from functional.alltypesagg
        group by int_col, bigint_col, smallint_col)dt1)dt2
where rk <= 10
order by int_col, bigint_col, smallint_col, rk
limit 10
---- PLAN
PLAN-ROOT SINK
|
05:TOP-N [LIMIT=10]
|  order by: int_col ASC, bigint_col ASC, smallint_col ASC, rk ASC
|  row-size=22B cardinality=10
|
04:SELECT
|  predicates: rank() <= 10
|  row-size=22B cardinality=20
|
03:ANALYTIC
|  functions: rank()
|  partition by: int_col
|  order by: smallint_col DESC
|  window: RANGE BETWEEN UNBOUNDED PRECEDING AND CURRENT ROW
|  row-size=22B cardinality=20
|
02:TOP-N
|  order by: int_col ASC NULLS LAST, smallint_col DESC
|  limit with ties: 20
|  source expr: rank() <= CAST(10 AS BIGINT)
|  row-size=14B cardinality=20
|
01:AGGREGATE [FINALIZE]
|  group by: int_col, bigint_col, smallint_col
|  row-size=14B cardinality=11.00K
|
00:SCAN HDFS [functional.alltypesagg]
   HDFS partitions=11/11 files=11 size=814.73KB
   row-size=14B cardinality=11.00K
====
# No limit in the query.
# Limit pushdown should not be applied.
select * from (
  select int_col, bigint_col, smallint_col,
    rank() over (partition by int_col order by smallint_col desc) rk
  from functional.alltypesagg) dt
where rk <= 10
order by int_col, bigint_col, smallint_col, rk
---- PLAN
PLAN-ROOT SINK
|
04:SORT
|  order by: int_col ASC, bigint_col ASC, smallint_col ASC, rk ASC
|  row-size=22B cardinality=9.57K
|
03:SELECT
|  predicates: rank() <= 10
|  row-size=22B cardinality=9.57K
|
02:ANALYTIC
|  functions: rank()
|  partition by: int_col
|  order by: smallint_col DESC
|  window: RANGE BETWEEN UNBOUNDED PRECEDING AND CURRENT ROW
|  row-size=22B cardinality=9.57K
|
01:TOP-N
|  partition by: int_col
|  order by: smallint_col DESC
|  partition limit: 10 (include ties)
|  source expr: rank() <= CAST(10 AS BIGINT)
|  row-size=14B cardinality=9.57K
|
00:SCAN HDFS [functional.alltypesagg]
   HDFS partitions=11/11 files=11 size=814.73KB
   row-size=14B cardinality=11.00K
====
# Rank predicate's upper bound is greater than limit.
# Limit pushdown should not be applied.
select * from (
  select int_col, bigint_col, smallint_col,
    rank() over (partition by int_col order by smallint_col desc) rk
  from functional.alltypesagg) dt
where rk <= 20
order by int_col, bigint_col, smallint_col, rk
limit 10
---- PLAN
PLAN-ROOT SINK
|
04:TOP-N [LIMIT=10]
|  order by: int_col ASC, bigint_col ASC, smallint_col ASC, rk ASC
|  row-size=22B cardinality=10
|
03:SELECT
|  predicates: rank() <= 20
|  row-size=22B cardinality=30
|
02:ANALYTIC
|  functions: rank()
|  partition by: int_col
|  order by: smallint_col DESC
|  window: RANGE BETWEEN UNBOUNDED PRECEDING AND CURRENT ROW
|  row-size=22B cardinality=30
|
01:TOP-N
|  order by: int_col ASC NULLS LAST, smallint_col DESC
|  limit with ties: 30
|  source expr: rank() <= CAST(20 AS BIGINT)
|  row-size=14B cardinality=30
|
00:SCAN HDFS [functional.alltypesagg]
   HDFS partitions=11/11 files=11 size=814.73KB
   row-size=14B cardinality=11.00K
====
# Function is not a ranking function.
# Limit pushdown should not be applied.
select * from (
  select int_col, bigint_col, smallint_col,
    min(double_col) over (partition by int_col
                          order by smallint_col desc) rk
  from functional.alltypesagg) dt
where rk <= 10
order by int_col, bigint_col, smallint_col, rk
limit 10
---- PLAN
PLAN-ROOT SINK
|
04:TOP-N [LIMIT=10]
|  order by: int_col ASC, bigint_col ASC, smallint_col ASC, rk ASC
|  row-size=22B cardinality=10
|
03:SELECT
|  predicates: min(double_col) <= 10
|  row-size=30B cardinality=1.10K
|
02:ANALYTIC
|  functions: min(double_col)
|  partition by: int_col
|  order by: smallint_col DESC
|  window: RANGE BETWEEN UNBOUNDED PRECEDING AND CURRENT ROW
|  row-size=30B cardinality=11.00K
|
01:SORT
|  order by: int_col ASC NULLS LAST, smallint_col DESC
|  row-size=22B cardinality=11.00K
|
00:SCAN HDFS [functional.alltypesagg]
   HDFS partitions=11/11 files=11 size=814.73KB
   row-size=22B cardinality=11.00K
====
# Partition-by expr is not a prefix of the sort exprs.
# Limit pushdown should not be applied.
select * from (
  select int_col, bigint_col, smallint_col,
    rank() over (partition by int_col order by smallint_col desc) rk
  from functional.alltypesagg) dt
where rk <= 10
order by bigint_col, int_col, smallint_col, rk
limit 10;
---- PLAN
PLAN-ROOT SINK
|
04:TOP-N [LIMIT=10]
|  order by: bigint_col ASC, int_col ASC, smallint_col ASC, rk ASC
|  row-size=22B cardinality=10
|
03:SELECT
|  predicates: rank() <= 10
|  row-size=22B cardinality=9.57K
|
02:ANALYTIC
|  functions: rank()
|  partition by: int_col
|  order by: smallint_col DESC
|  window: RANGE BETWEEN UNBOUNDED PRECEDING AND CURRENT ROW
|  row-size=22B cardinality=9.57K
|
01:TOP-N
|  partition by: int_col
|  order by: smallint_col DESC
|  partition limit: 10 (include ties)
|  source expr: rank() <= CAST(10 AS BIGINT)
|  row-size=14B cardinality=9.57K
|
00:SCAN HDFS [functional.alltypesagg]
   HDFS partitions=11/11 files=11 size=814.73KB
   row-size=14B cardinality=11.00K
====
# Blocking operator occurs between the top level TopN
# operator and the analytic operator.
# Limit pushdown should not be applied.
select int_col, bigint_col, smallint_col, rk from (
  select int_col, bigint_col, smallint_col,
    rank() over (partition by int_col order by smallint_col desc) rk
  from functional.alltypesagg) dt
where rk <= 10
group by int_col, bigint_col, smallint_col, rk
order by int_col, bigint_col, smallint_col, rk
limit 10;
---- PLAN
PLAN-ROOT SINK
|
05:TOP-N [LIMIT=10]
|  order by: int_col ASC, bigint_col ASC, smallint_col ASC, rk ASC
|  row-size=22B cardinality=10
|
04:AGGREGATE [FINALIZE]
|  group by: int_col, bigint_col, smallint_col, rank()
|  row-size=22B cardinality=9.57K
|
03:SELECT
|  predicates: rank() <= 10
|  row-size=22B cardinality=9.57K
|
02:ANALYTIC
|  functions: rank()
|  partition by: int_col
|  order by: smallint_col DESC
|  window: RANGE BETWEEN UNBOUNDED PRECEDING AND CURRENT ROW
|  row-size=22B cardinality=9.57K
|
01:TOP-N
|  partition by: int_col
|  order by: smallint_col DESC
|  partition limit: 10 (include ties)
|  source expr: rank() <= CAST(10 AS BIGINT)
|  row-size=14B cardinality=9.57K
|
00:SCAN HDFS [functional.alltypesagg]
   HDFS partitions=11/11 files=11 size=814.73KB
   row-size=14B cardinality=11.00K
====
# Rank predicate is not one of <, =, <= .
# Limit pushdown should not be applied.
select * from (
  select int_col, bigint_col, smallint_col,
    rank() over (partition by int_col order by smallint_col desc) rk
  from functional.alltypesagg) dt
where rk in (10, 20, 30)
order by int_col, bigint_col, smallint_col, rk
limit 10
---- PLAN
PLAN-ROOT SINK
|
04:TOP-N [LIMIT=10]
|  order by: int_col ASC, bigint_col ASC, smallint_col ASC, rk ASC
|  row-size=22B cardinality=10
|
03:SELECT
|  predicates: rank() IN (10, 20, 30)
|  row-size=22B cardinality=11.00K
|
02:ANALYTIC
|  functions: rank()
|  partition by: int_col
|  order by: smallint_col DESC
|  window: RANGE BETWEEN UNBOUNDED PRECEDING AND CURRENT ROW
|  row-size=22B cardinality=11.00K
|
01:SORT
|  order by: int_col ASC NULLS LAST, smallint_col DESC
|  row-size=14B cardinality=11.00K
|
00:SCAN HDFS [functional.alltypesagg]
   HDFS partitions=11/11 files=11 size=814.73KB
   row-size=14B cardinality=11.00K
====
# 2 ranking functions with different partition-by exprs. Predicate is on
# the dense_rank() function. If the dense_rank() appears as the top
# level analytic function, the limit pushdown can be applied. Otherwise,
# it should not.
select * from (
  select int_col, bigint_col, smallint_col,
    dense_rank() over (partition by bigint_col order by smallint_col desc) rk2,
    rank() over (partition by int_col order by smallint_col desc) rk1
  from functional.alltypesagg) dt
where rk2 <= 10
order by int_col, bigint_col, smallint_col, rk1, rk2
limit 10
---- PLAN
PLAN-ROOT SINK
|
06:TOP-N [LIMIT=10]
|  order by: int_col ASC, bigint_col ASC, smallint_col ASC, rk1 ASC, rk2 ASC
|  row-size=30B cardinality=10
|
05:SELECT
|  predicates: dense_rank() <= 10
|  row-size=30B cardinality=1.10K
|
04:ANALYTIC
|  functions: rank()
|  partition by: int_col
|  order by: smallint_col DESC
|  window: RANGE BETWEEN UNBOUNDED PRECEDING AND CURRENT ROW
|  row-size=30B cardinality=11.00K
|
03:SORT
|  order by: int_col ASC NULLS LAST, smallint_col DESC
|  row-size=22B cardinality=11.00K
|
02:ANALYTIC
|  functions: dense_rank()
|  partition by: bigint_col
|  order by: smallint_col DESC
|  window: RANGE BETWEEN UNBOUNDED PRECEDING AND CURRENT ROW
|  row-size=22B cardinality=11.00K
|
01:SORT
|  order by: bigint_col ASC NULLS LAST, smallint_col DESC
|  row-size=14B cardinality=11.00K
|
00:SCAN HDFS [functional.alltypesagg]
   HDFS partitions=11/11 files=11 size=814.73KB
   row-size=14B cardinality=11.00K
====
# Asc/Desc direction is different for the top order-by.
# The rk <= 10 predicate allows use of the partitioned top-n for the
# analytic sort, but the limit from the final TOP-N cannot be pushed
# down.
select * from (
  select int_col, bigint_col, smallint_col,
    rank() over (partition by int_col order by smallint_col desc) rk
  from functional.alltypesagg) dt
where rk <= 10
order by int_col DESC, bigint_col, smallint_col, rk
limit 10
---- PLAN
PLAN-ROOT SINK
|
04:TOP-N [LIMIT=10]
|  order by: int_col DESC, bigint_col ASC, smallint_col ASC, rk ASC
|  row-size=22B cardinality=10
|
03:SELECT
|  predicates: rank() <= 10
|  row-size=22B cardinality=9.57K
|
02:ANALYTIC
|  functions: rank()
|  partition by: int_col
|  order by: smallint_col DESC
|  window: RANGE BETWEEN UNBOUNDED PRECEDING AND CURRENT ROW
|  row-size=22B cardinality=9.57K
|
01:TOP-N
|  partition by: int_col
|  order by: smallint_col DESC
|  partition limit: 10 (include ties)
|  source expr: rank() <= CAST(10 AS BIGINT)
|  row-size=14B cardinality=9.57K
|
00:SCAN HDFS [functional.alltypesagg]
   HDFS partitions=11/11 files=11 size=814.73KB
   row-size=14B cardinality=11.00K
====
# NULLS FIRST for the top order-by which is different compared
# to the partition-by expr.
# Limit pushdown should not be applied.
select * from (
  select int_col, bigint_col, smallint_col,
    rank() over (partition by int_col order by smallint_col desc) rk
  from functional.alltypesagg) dt
where rk <= 10
order by int_col NULLS FIRST, bigint_col, smallint_col, rk
limit 10
---- PLAN
PLAN-ROOT SINK
|
04:TOP-N [LIMIT=10]
|  order by: int_col ASC NULLS FIRST, bigint_col ASC, smallint_col ASC, rk ASC
|  row-size=22B cardinality=10
|
03:SELECT
|  predicates: rank() <= 10
|  row-size=22B cardinality=9.57K
|
02:ANALYTIC
|  functions: rank()
|  partition by: int_col
|  order by: smallint_col DESC
|  window: RANGE BETWEEN UNBOUNDED PRECEDING AND CURRENT ROW
|  row-size=22B cardinality=9.57K
|
01:TOP-N
|  partition by: int_col
|  order by: smallint_col DESC
|  partition limit: 10 (include ties)
|  source expr: rank() <= CAST(10 AS BIGINT)
|  row-size=14B cardinality=9.57K
|
00:SCAN HDFS [functional.alltypesagg]
   HDFS partitions=11/11 files=11 size=814.73KB
   row-size=14B cardinality=11.00K
====
# Regression test for IMPALA-11443. Tests partitioned top-n with -1 cardinality.
# Relies on functional.tinytable not having stats and running this test with
# DISABLE_HDFS_NUM_ROWS_ESTIMATE=1
select a, b, rn from (
  select *, row_number() over (partition by a order by b) as rn
  from functional.tinytable) v
where rn <= 5
order by a, rn;
---- PLAN
PLAN-ROOT SINK
|
04:SORT
|  order by: a ASC, rn ASC
|  row-size=32B cardinality=unavailable
|
03:SELECT
|  predicates: row_number() <= 5
|  row-size=32B cardinality=unavailable
|
02:ANALYTIC
|  functions: row_number()
|  partition by: a
|  order by: b ASC
|  window: ROWS BETWEEN UNBOUNDED PRECEDING AND CURRENT ROW
|  row-size=32B cardinality=unavailable
|
01:TOP-N
|  partition by: a
|  order by: b ASC
|  partition limit: 5
|  source expr: row_number() <= CAST(5 AS BIGINT)
|  row-size=24B cardinality=unavailable
|
00:SCAN HDFS [functional.tinytable]
   HDFS partitions=1/1 files=1 size=38B
   row-size=24B cardinality=unavailable
====
# Regression test for IMPALA-11843. Several conjuncts to consider pushing down.
select id, rn from (
  select id,
    row_number() over (order by id desc) rn,
    max(id) over () max_id
  from functional.alltypesagg) t
where id = max_id and rn < 10
---- PLAN
PLAN-ROOT SINK
|
04:SELECT
|  predicates: id = max(id), id = max(id), row_number() < 10
|  row-size=16B cardinality=1.10K
|
03:ANALYTIC
|  functions: row_number()
|  order by: id DESC
|  window: ROWS BETWEEN UNBOUNDED PRECEDING AND CURRENT ROW
|  row-size=16B cardinality=11.00K
|
02:ANALYTIC
|  functions: max(id)
|  row-size=8B cardinality=11.00K
|
01:SORT
|  order by: id DESC
|  row-size=4B cardinality=11.00K
|
00:SCAN HDFS [functional.alltypesagg]
   HDFS partitions=11/11 files=11 size=814.73KB
   row-size=4B cardinality=11.00K
====
# Regression test for IMPALA-12164. Test non-materialized slots
# with BinaryPredicate.
select id,
       RANK() OVER(ORDER BY id DESC) AS rank_id
  from (SELECT id
          FROM functional.alltypesagg
        WHERE int_col = 0 and false) alias_0
  order by id
---- PLAN
PLAN-ROOT SINK
|
03:SORT
|  order by: id ASC
|  row-size=12B cardinality=0
|
02:ANALYTIC
|  functions: rank()
|  order by: id DESC
|  window: RANGE BETWEEN UNBOUNDED PRECEDING AND CURRENT ROW
|  row-size=12B cardinality=0
|
01:SORT
|  order by: id DESC
|  row-size=4B cardinality=0
|
00:EMPTYSET
====
# Test non-materialized slots with BinaryPredicate and INNER-JOIN.
select id,
       RANK() OVER(ORDER BY id DESC) AS rank_id
  from (SELECT tbl_0.id
          FROM functional.alltypesagg tbl_0
          JOIN functional.alltypesagg tbl_1
          ON tbl_0.id = tbl_1.id
        WHERE tbl_0.int_col =0 and false) alias_0
  order by id
---- PLAN
PLAN-ROOT SINK
|
03:SORT
|  order by: id ASC
|  row-size=12B cardinality=0
|
02:ANALYTIC
|  functions: rank()
|  order by: id DESC
|  window: RANGE BETWEEN UNBOUNDED PRECEDING AND CURRENT ROW
|  row-size=12B cardinality=0
|
01:SORT
|  order by: id DESC
|  row-size=4B cardinality=0
|
00:EMPTYSET
====
# Test non-materialized slots with BinaryPredicate and LEFT-JOIN.
select id,
       RANK() OVER(ORDER BY id DESC) AS rank_id
  from (SELECT tbl_0.id
          FROM functional.alltypesagg tbl_0
          LEFT JOIN functional.alltypesagg tbl_1
          ON tbl_0.id = tbl_1.id
        WHERE tbl_0.int_col =0 and false) alias_0
  order by id
---- PLAN
PLAN-ROOT SINK
|
03:SORT
|  order by: id ASC
|  row-size=12B cardinality=0
|
02:ANALYTIC
|  functions: rank()
|  order by: id DESC
|  window: RANGE BETWEEN UNBOUNDED PRECEDING AND CURRENT ROW
|  row-size=12B cardinality=0
|
01:SORT
|  order by: id DESC
|  row-size=4B cardinality=0
|
00:EMPTYSET
====
# Test non-materialized slots with BinaryPredicate and FULL-JOIN.
select id,
       RANK() OVER(ORDER BY id DESC) AS rank_id
  from (SELECT tbl_0.id
          FROM functional.alltypesagg tbl_0
          FULL JOIN functional.alltypesagg tbl_1
          ON tbl_0.id = tbl_1.id
        WHERE tbl_0.int_col =0 and false) alias_0
  order by id
---- PLAN
PLAN-ROOT SINK
|
03:SORT
|  order by: id ASC
|  row-size=12B cardinality=0
|
02:ANALYTIC
|  functions: rank()
|  order by: id DESC
|  window: RANGE BETWEEN UNBOUNDED PRECEDING AND CURRENT ROW
|  row-size=12B cardinality=0
|
01:SORT
|  order by: id DESC
|  row-size=4B cardinality=0
|
00:EMPTYSET
====
# Test non-materialized slots with BetweenPredicate.
select id,
       RANK() OVER(ORDER BY id DESC) AS rank_id
  from (SELECT id
          FROM functional.alltypesagg
        WHERE int_col between 0 and 10 and false) alias_0
  order by id
---- PLAN
PLAN-ROOT SINK
|
03:SORT
|  order by: id ASC
|  row-size=12B cardinality=0
|
02:ANALYTIC
|  functions: rank()
|  order by: id DESC
|  window: RANGE BETWEEN UNBOUNDED PRECEDING AND CURRENT ROW
|  row-size=12B cardinality=0
|
01:SORT
|  order by: id DESC
|  row-size=4B cardinality=0
|
00:EMPTYSET
====
# Test non-materialized slots with BetweenPredicate and INNER-JOIN.
select id,
       RANK() OVER(ORDER BY id DESC) AS rank_id
  from (SELECT tbl_0.id
          FROM functional.alltypesagg tbl_0
          JOIN functional.alltypesagg tbl_1
          ON tbl_0.id = tbl_1.id
        WHERE tbl_0.int_col between 0 and 10 and false) alias_0
  order by id
---- PLAN
PLAN-ROOT SINK
|
03:SORT
|  order by: id ASC
|  row-size=12B cardinality=0
|
02:ANALYTIC
|  functions: rank()
|  order by: id DESC
|  window: RANGE BETWEEN UNBOUNDED PRECEDING AND CURRENT ROW
|  row-size=12B cardinality=0
|
01:SORT
|  order by: id DESC
|  row-size=4B cardinality=0
|
00:EMPTYSET
====
# Test non-materialized slots with BetweenPredicate and LEFT-JOIN.
select id,
       RANK() OVER(ORDER BY id DESC) AS rank_id
  from (SELECT tbl_0.id
          FROM functional.alltypesagg tbl_0
          LEFT JOIN functional.alltypesagg tbl_1
          ON tbl_0.id = tbl_1.id
        WHERE tbl_0.int_col between 0 and 10 and false) alias_0
  order by id
---- PLAN
PLAN-ROOT SINK
|
03:SORT
|  order by: id ASC
|  row-size=12B cardinality=0
|
02:ANALYTIC
|  functions: rank()
|  order by: id DESC
|  window: RANGE BETWEEN UNBOUNDED PRECEDING AND CURRENT ROW
|  row-size=12B cardinality=0
|
01:SORT
|  order by: id DESC
|  row-size=4B cardinality=0
|
00:EMPTYSET
====
# Test non-materialized slots with BetweenPredicate and FULL-JOIN.
select id,
       RANK() OVER(ORDER BY id DESC) AS rank_id
  from (SELECT tbl_0.id
          FROM functional.alltypesagg tbl_0
          FULL JOIN functional.alltypesagg tbl_1
          ON tbl_0.id = tbl_1.id
        WHERE tbl_0.int_col between 0 and 10 and false) alias_0
  order by id
---- PLAN
PLAN-ROOT SINK
|
03:SORT
|  order by: id ASC
|  row-size=12B cardinality=0
|
02:ANALYTIC
|  functions: rank()
|  order by: id DESC
|  window: RANGE BETWEEN UNBOUNDED PRECEDING AND CURRENT ROW
|  row-size=12B cardinality=0
|
01:SORT
|  order by: id DESC
|  row-size=4B cardinality=0
|
00:EMPTYSET
====
# Test non-materialized slots with InPredicate.
select id,
       RANK() OVER(ORDER BY id DESC) AS rank_id
  from (SELECT id
          FROM functional.alltypesagg
        WHERE int_col in(1, 2, 3) and false) alias_0
  order by id
---- PLAN
PLAN-ROOT SINK
|
03:SORT
|  order by: id ASC
|  row-size=12B cardinality=0
|
02:ANALYTIC
|  functions: rank()
|  order by: id DESC
|  window: RANGE BETWEEN UNBOUNDED PRECEDING AND CURRENT ROW
|  row-size=12B cardinality=0
|
01:SORT
|  order by: id DESC
|  row-size=4B cardinality=0
|
00:EMPTYSET
====
# Test non-materialized slots with InPredicate and INNER-JOIN.
select id,
       RANK() OVER(ORDER BY id DESC) AS rank_id
  from (SELECT tbl_0.id
          FROM functional.alltypesagg tbl_0
          JOIN functional.alltypesagg tbl_1
          ON tbl_0.id = tbl_1.id
        WHERE tbl_0.int_col in(1, 2, 3) and false) alias_0
  order by id
---- PLAN
PLAN-ROOT SINK
|
03:SORT
|  order by: id ASC
|  row-size=12B cardinality=0
|
02:ANALYTIC
|  functions: rank()
|  order by: id DESC
|  window: RANGE BETWEEN UNBOUNDED PRECEDING AND CURRENT ROW
|  row-size=12B cardinality=0
|
01:SORT
|  order by: id DESC
|  row-size=4B cardinality=0
|
00:EMPTYSET
====
# Test non-materialized slots with InPredicate and LEFT-JOIN.
select id,
       RANK() OVER(ORDER BY id DESC) AS rank_id
  from (SELECT tbl_0.id
          FROM functional.alltypesagg tbl_0
          LEFT JOIN functional.alltypesagg tbl_1
          ON tbl_0.id = tbl_1.id
        WHERE tbl_0.int_col in(1, 2, 3) and false) alias_0
  order by id
---- PLAN
PLAN-ROOT SINK
|
03:SORT
|  order by: id ASC
|  row-size=12B cardinality=0
|
02:ANALYTIC
|  functions: rank()
|  order by: id DESC
|  window: RANGE BETWEEN UNBOUNDED PRECEDING AND CURRENT ROW
|  row-size=12B cardinality=0
|
01:SORT
|  order by: id DESC
|  row-size=4B cardinality=0
|
00:EMPTYSET
====
# Test non-materialized slots with InPredicate and FULL-JOIN.
select id,
       RANK() OVER(ORDER BY id DESC) AS rank_id
  from (SELECT tbl_0.id
          FROM functional.alltypesagg tbl_0
          FULL JOIN functional.alltypesagg tbl_1
          ON tbl_0.id = tbl_1.id
        WHERE tbl_0.int_col in(1, 2, 3) and false) alias_0
  order by id
---- PLAN
PLAN-ROOT SINK
|
03:SORT
|  order by: id ASC
|  row-size=12B cardinality=0
|
02:ANALYTIC
|  functions: rank()
|  order by: id DESC
|  window: RANGE BETWEEN UNBOUNDED PRECEDING AND CURRENT ROW
|  row-size=12B cardinality=0
|
01:SORT
|  order by: id DESC
|  row-size=4B cardinality=0
|
00:EMPTYSET
====